d:\desktop\work_space\c++_program\client\client\debug\client.pch
d:\desktop\work_space\c++_program\client\client\debug\vc141.pdb
d:\desktop\work_space\c++_program\client\client\debug\vc141.idb
d:\desktop\work_space\c++_program\client\client\debug\pch.obj
d:\desktop\work_space\c++_program\client\client\debug\client.obj
d:\desktop\work_space\c++_program\simplecs\client\client\debug\client.pch
d:\desktop\work_space\c++_program\simplecs\client\client\debug\vc141.pdb
d:\desktop\work_space\c++_program\simplecs\client\client\debug\vc141.idb
d:\desktop\work_space\c++_program\simplecs\client\client\debug\pch.obj
d:\desktop\work_space\c++_program\simplecs\client\client\debug\client.obj
d:\desktop\work_space\c++_program\client\debug\client.exe
d:\desktop\work_space\c++_program\client\debug\client.ilk
d:\desktop\work_space\c++_program\client\debug\client.pdb
d:\desktop\work_space\c++_program\simplecs\client\debug\client.exe
d:\desktop\work_space\c++_program\simplecs\client\debug\client.ilk
d:\desktop\work_space\c++_program\simplecs\client\debug\client.pdb
d:\desktop\work_space\c++_program\simplecs\client\client\debug\client.tlog\cl.command.1.tlog
d:\desktop\work_space\c++_program\simplecs\client\client\debug\client.tlog\cl.read.1.tlog
d:\desktop\work_space\c++_program\simplecs\client\client\debug\client.tlog\cl.write.1.tlog
d:\desktop\work_space\c++_program\simplecs\client\client\debug\client.tlog\link.command.1.tlog
d:\desktop\work_space\c++_program\simplecs\client\client\debug\client.tlog\link.read.1.tlog
d:\desktop\work_space\c++_program\simplecs\client\client\debug\client.tlog\link.write.1.tlog
